# JRE version: Java(TM) SE Runtime Environment 18.9 (11.0.15+8) (build 11.0.15+8-LTS-149)
# Java VM: Java HotSpot(TM) 64-Bit Server VM 18.9 (11.0.15+8-LTS-149, mixed mode, tiered, compressed oops, g1 gc, windows-amd64)
Heap:
 garbage-first heap   total 65536K, used 29921K [0x00000000c1a00000, 0x0000000100000000)
  region size 1024K, 18 young (18432K), 4 survivors (4096K)
 Metaspace       used 36907K, capacity 38020K, committed 38144K, reserved 1083392K
  class space    used 4428K, capacity 4859K, committed 4864K, reserved 1048576K
GC Heap History (10 events):
Event: 9.279 GC heap before
{Heap before GC invocations=5 (full 0):
 garbage-first heap   total 65536K, used 34026K [0x00000000c1a00000, 0x0000000100000000)
  region size 1024K, 27 young (27648K), 3 survivors (3072K)
 Metaspace       used 24349K, capacity 24951K, committed 25088K, reserved 1071104K
  class space    used 2753K, capacity 2988K, committed 3072K, reserved 1048576K
}
Event: 9.286 GC heap after
{Heap after GC invocations=6 (full 0):
 garbage-first heap   total 65536K, used 11302K [0x00000000c1a00000, 0x0000000100000000)
  region size 1024K, 3 young (3072K), 3 survivors (3072K)
 Metaspace       used 24349K, capacity 24951K, committed 25088K, reserved 1071104K
  class space    used 2753K, capacity 2988K, committed 3072K, reserved 1048576K
}
Event: 11.552 GC heap before
{Heap before GC invocations=6 (full 0):
 garbage-first heap   total 65536K, used 36902K [0x00000000c1a00000, 0x0000000100000000)
  region size 1024K, 29 young (29696K), 3 survivors (3072K)
 Metaspace       used 26231K, capacity 26857K, committed 27008K, reserved 1073152K
  class space    used 2929K, capacity 3193K, committed 3200K, reserved 1048576K
}
Event: 11.561 GC heap after
{Heap after GC invocations=7 (full 0):
 garbage-first heap   total 65536K, used 12580K [0x00000000c1a00000, 0x0000000100000000)
  region size 1024K, 3 young (3072K), 3 survivors (3072K)
 Metaspace       used 26231K, capacity 26857K, committed 27008K, reserved 1073152K
  class space    used 2929K, capacity 3193K, committed 3200K, reserved 1048576K
}
Event: 12.922 GC heap before
{Heap before GC invocations=7 (full 0):
 garbage-first heap   total 65536K, used 40228K [0x00000000c1a00000, 0x0000000100000000)
  region size 1024K, 30 young (30720K), 3 survivors (3072K)
 Metaspace       used 28357K, capacity 29174K, committed 29440K, reserved 1075200K
  class space    used 3194K, capacity 3511K, committed 3584K, reserved 1048576K
}
Event: 12.933 GC heap after
{Heap after GC invocations=8 (full 0):
 garbage-first heap   total 65536K, used 13645K [0x00000000c1a00000, 0x0000000100000000)
  region size 1024K, 3 young (3072K), 3 survivors (3072K)
 Metaspace       used 28357K, capacity 29174K, committed 29440K, reserved 1075200K
  class space    used 3194K, capacity 3511K, committed 3584K, reserved 1048576K
}
Event: 18.260 GC heap before
{Heap before GC invocations=8 (full 0):
 garbage-first heap   total 65536K, used 41293K [0x00000000c1a00000, 0x0000000100000000)
  region size 1024K, 30 young (30720K), 3 survivors (3072K)
 Metaspace       used 30805K, capacity 31647K, committed 32000K, reserved 1077248K
  class space    used 3643K, capacity 3977K, committed 4096K, reserved 1048576K
}
Event: 18.274 GC heap after
{Heap after GC invocations=9 (full 0):
 garbage-first heap   total 65536K, used 14738K [0x00000000c1a00000, 0x0000000100000000)
  region size 1024K, 3 young (3072K), 3 survivors (3072K)
 Metaspace       used 30805K, capacity 31647K, committed 32000K, reserved 1077248K
  class space    used 3643K, capacity 3977K, committed 4096K, reserved 1048576K
}
Event: 22.425 GC heap before
{Heap before GC invocations=9 (full 0):
 garbage-first heap   total 65536K, used 40338K [0x00000000c1a00000, 0x0000000100000000)
  region size 1024K, 29 young (29696K), 3 survivors (3072K)
 Metaspace       used 34576K, capacity 35615K, committed 35840K, reserved 1081344K
  class space    used 4185K, capacity 4608K, committed 4608K, reserved 1048576K
}
Event: 22.441 GC heap after
{Heap after GC invocations=10 (full 0):
 garbage-first heap   total 65536K, used 16609K [0x00000000c1a00000, 0x0000000100000000)
  region size 1024K, 4 young (4096K), 4 survivors (4096K)
 Metaspace       used 34576K, capacity 35615K, committed 35840K, reserved 1081344K
  class space    used 4185K, capacity 4608K, committed 4608K, reserved 1048576K
}

